[debug] [2022-06-19T17:35:19.591Z] ----------------------------------------------------------------------
[debug] [2022-06-19T17:35:19.593Z] Command:       C:\Program Files\nodejs\node.exe C:\Users\AbirPC\AppData\Roaming\npm\node_modules\firebase-tools\lib\bin\firebase.js init
[debug] [2022-06-19T17:35:19.593Z] CLI Version:   11.1.0
[debug] [2022-06-19T17:35:19.593Z] Platform:      win32
[debug] [2022-06-19T17:35:19.593Z] Node Version:  v16.13.2
[debug] [2022-06-19T17:35:19.594Z] Time:          Sun Jun 19 2022 23:35:19 GMT+0600 (Bangladesh Standard Time)
[debug] [2022-06-19T17:35:19.594Z] ----------------------------------------------------------------------
[debug] 
[debug] [2022-06-19T17:35:19.596Z] >>> [apiv2][query] GET https://firebase-public.firebaseio.com/cli.json [none]
[debug] [2022-06-19T17:35:19.655Z] > command requires scopes: ["email","openid","https://www.googleapis.com/auth/cloudplatformprojects.readonly","https://www.googleapis.com/auth/firebase","https://www.googleapis.com/auth/cloud-platform"]
[debug] [2022-06-19T17:35:19.656Z] > authorizing via signed-in user (farhanshahriyar183120008@student.ndub.edu.bd)
[info] 
     ######## #### ########  ######## ########     ###     ######  ########
     ##        ##  ##     ## ##       ##     ##  ##   ##  ##       ##
     ######    ##  ########  ######   ########  #########  ######  ######
     ##        ##  ##    ##  ##       ##     ## ##     ##       ## ##
     ##       #### ##     ## ######## ########  ##     ##  ######  ########

You're about to initialize a Firebase project in this directory:

  E:\NDUB\Thesis\THESIS FINAL\BlDonor\Frontend

Before we get started, keep in mind:

  * You are initializing within an existing Firebase project directory

[debug] [2022-06-19T17:35:20.436Z] <<< [apiv2][status] GET https://firebase-public.firebaseio.com/cli.json 200
[debug] [2022-06-19T17:35:20.436Z] <<< [apiv2][body] GET https://firebase-public.firebaseio.com/cli.json {"cloudBuildErrorAfter":1594252800000,"cloudBuildWarnAfter":1590019200000,"defaultNode10After":1594252800000,"minVersion":"3.0.5","node8DeploysDisabledAfter":1613390400000,"node8RuntimeDisabledAfter":1615809600000,"node8WarnAfter":1600128000000}
[info] 
=== Project Setup
[info] 
[info] First, let's associate this project directory with a Firebase project.
[info] You can create multiple project aliases by running firebase use --add, 
[info] but for now we'll just set up a default project.
[info] 
[debug] [2022-06-19T17:36:49.646Z] Using project from CLI flag: blood-donate-d4d51
[debug] [2022-06-19T17:36:49.646Z] > refreshing access token with scopes: []
[debug] [2022-06-19T17:36:49.647Z] >>> [apiv2][query] POST https://www.googleapis.com/oauth2/v3/token [none]
[debug] [2022-06-19T17:36:49.647Z] >>> [apiv2][body] POST https://www.googleapis.com/oauth2/v3/token [omitted]
[debug] [2022-06-19T17:36:49.852Z] <<< [apiv2][status] POST https://www.googleapis.com/oauth2/v3/token 200
[debug] [2022-06-19T17:36:49.852Z] <<< [apiv2][body] POST https://www.googleapis.com/oauth2/v3/token [omitted]
[debug] [2022-06-19T17:36:49.860Z] >>> [apiv2][query] GET https://firebase.googleapis.com/v1beta1/projects/blood-donate-d4d51 [none]
[debug] [2022-06-19T17:36:50.621Z] <<< [apiv2][status] GET https://firebase.googleapis.com/v1beta1/projects/blood-donate-d4d51 403
[debug] [2022-06-19T17:36:50.621Z] <<< [apiv2][body] GET https://firebase.googleapis.com/v1beta1/projects/blood-donate-d4d51 {"error":{"code":403,"message":"The caller does not have permission","status":"PERMISSION_DENIED"}}
[debug] [2022-06-19T17:36:50.621Z] HTTP Error: 403, The caller does not have permission
[debug] [2022-06-19T17:36:50.957Z] FirebaseError: HTTP Error: 403, The caller does not have permission
    at responseToError (C:\Users\AbirPC\AppData\Roaming\npm\node_modules\firebase-tools\lib\responseToError.js:49:12)
    at RetryOperation._fn (C:\Users\AbirPC\AppData\Roaming\npm\node_modules\firebase-tools\lib\apiv2.js:287:77)
    at processTicksAndRejections (node:internal/process/task_queues:96:5)
[error] 
[error] Error: Failed to get Firebase project blood-donate-d4d51. Please make sure the project exists and your account has permission to access it.
